<?xml version="1.0" encoding="UTF-8"?>
<!-- Generated by org.testng.reporters.JUnitXMLReporter -->
<testsuite hostname="cal15231" ignored="0" name="SSO_DMS_creatingnewpasstest" tests="10" failures="0" timestamp="19 Jan 2022 10:01:07 GMT" time="853.349" errors="0">
  <testcase name="ssoroleregistration" time="59.589" classname="com.Automation.Testcases.SSO_DMS_creatingnewpasstest"/>
  <testcase name="ssoglobalprofile" time="66.675" classname="com.Automation.Testcases.SSO_DMS_creatingnewpasstest"/>
  <testcase name="ssodesignation" time="61.873" classname="com.Automation.Testcases.SSO_DMS_creatingnewpasstest"/>
  <testcase name="ssouserregistration" time="77.885" classname="com.Automation.Testcases.SSO_DMS_creatingnewpasstest"/>
  <testcase name="ssoroleassignment" time="72.219" classname="com.Automation.Testcases.SSO_DMS_creatingnewpasstest"/>
  <testcase name="ssoLoginwithtemppwdandcreatnewpwd" time="137.829" classname="com.Automation.Testcases.SSO_DMS_creatingnewpasstest"/>
  <testcase name="ssodmsplantregistration" time="105.675" classname="com.Automation.Testcases.SSO_DMS_creatingnewpasstest"/>
  <testcase name="ssodmsplantorproductmoduleassignment" time="74.902" classname="com.Automation.Testcases.SSO_DMS_creatingnewpasstest"/>
  <testcase name="ssouserproductmoduleassignment" time="87.062" classname="com.Automation.Testcases.SSO_DMS_creatingnewpasstest"/>
  <testcase name="SSOSetsecurityprofile" time="94.791" classname="com.Automation.Testcases.SSO_DMS_creatingnewpasstest"/>
</testsuite> <!-- SSO_DMS_creatingnewpasstest -->
