<?xml version="1.0" encoding="UTF-8"?>
<!-- Generated by org.testng.reporters.JUnitXMLReporter -->
<testsuite hostname="cal15231" ignored="0" name="SYMASALLSUBMenustest" tests="3" failures="0" timestamp="19 Jan 2022 10:22:17 GMT" time="765.361" errors="0">
  <testcase name="Systmadmisecalltabs" time="361.019" classname="com.Automation.Testcases.SYMASALLSUBMenustest"/>
  <testcase name="Modificationinepicof" time="180.28" classname="com.Automation.Testcases.SYMASALLSUBMenustest"/>
  <testcase name="Reportsinsystemmanepic" time="217.364" classname="com.Automation.Testcases.SYMASALLSUBMenustest"/>
</testsuite> <!-- SYMASALLSUBMenustest -->
